{"C:\\Users\\BUKA\\Desktop\\ATLP Projects\\myBrand-Api\\index.js": {"path":"C:\\Users\\BUKA\\Desktop\\ATLP Projects\\myBrand-Api\\index.js","statementMap":{"0":{"start":{"line":9,"column":0},"end":{"line":9,"column":15}},"1":{"start":{"line":10,"column":0},"end":{"line":10,"column":24}},"2":{"start":{"line":11,"column":12},"end":{"line":11,"column":21}},"3":{"start":{"line":12,"column":11},"end":{"line":12,"column":15}},"4":{"start":{"line":13,"column":0},"end":{"line":25,"column":3}},"5":{"start":{"line":15,"column":2},"end":{"line":15,"column":25}},"6":{"start":{"line":16,"column":2},"end":{"line":16,"column":28}},"7":{"start":{"line":17,"column":8},"end":{"line":17,"column":39}},"8":{"start":{"line":18,"column":2},"end":{"line":18,"column":27}},"9":{"start":{"line":19,"column":2},"end":{"line":23,"column":3}},"10":{"start":{"line":20,"column":4},"end":{"line":20,"column":38}},"11":{"start":{"line":21,"column":4},"end":{"line":21,"column":26}}},"fnMap":{"0":{"name":"(anonymous_0)","decl":{"start":{"line":14,"column":7},"end":{"line":14,"column":8}},"loc":{"start":{"line":14,"column":13},"end":{"line":25,"column":2}},"line":14},"1":{"name":"(anonymous_1)","decl":{"start":{"line":19,"column":19},"end":{"line":19,"column":20}},"loc":{"start":{"line":19,"column":25},"end":{"line":22,"column":3}},"line":19}},"branchMap":{},"s":{"0":1,"1":1,"2":1,"3":1,"4":1,"5":1,"6":1,"7":1,"8":1,"9":1,"10":1,"11":1},"f":{"0":1,"1":1},"b":{},"_coverageSchema":"1a1c01bbd47fc00a2c39e90264f33305004495a9","hash":"aa277b874d4b673f4977d197904a5bc9128586bf"}
,"C:\\Users\\BUKA\\Desktop\\ATLP Projects\\myBrand-Api\\swagger.js": {"path":"C:\\Users\\BUKA\\Desktop\\ATLP Projects\\myBrand-Api\\swagger.js","statementMap":{"0":{"start":{"line":4,"column":16},"end":{"line":26,"column":5}},"1":{"start":{"line":28,"column":24},"end":{"line":28,"column":45}},"2":{"start":{"line":32,"column":8},"end":{"line":32,"column":71}},"3":{"start":{"line":35,"column":8},"end":{"line":38,"column":10}},"4":{"start":{"line":36,"column":9},"end":{"line":36,"column":58}},"5":{"start":{"line":37,"column":9},"end":{"line":37,"column":30}}},"fnMap":{"0":{"name":"swaggerDocs","decl":{"start":{"line":30,"column":13},"end":{"line":30,"column":24}},"loc":{"start":{"line":30,"column":35},"end":{"line":39,"column":5}},"line":30},"1":{"name":"(anonymous_1)","decl":{"start":{"line":35,"column":30},"end":{"line":35,"column":31}},"loc":{"start":{"line":35,"column":42},"end":{"line":38,"column":9}},"line":35}},"branchMap":{},"s":{"0":1,"1":1,"2":1,"3":1,"4":0,"5":0},"f":{"0":1,"1":0},"b":{},"_coverageSchema":"1a1c01bbd47fc00a2c39e90264f33305004495a9","hash":"38670dfc5cda7efca64a376c5ba9224a414baac6"}
,"C:\\Users\\BUKA\\Desktop\\ATLP Projects\\myBrand-Api\\controllers\\adminSignUp.js": {"path":"C:\\Users\\BUKA\\Desktop\\ATLP Projects\\myBrand-Api\\controllers\\adminSignUp.js","statementMap":{"0":{"start":{"line":5,"column":18},"end":{"line":37,"column":1}},"1":{"start":{"line":6,"column":25},"end":{"line":6,"column":56}},"2":{"start":{"line":8,"column":4},"end":{"line":10,"column":5}},"3":{"start":{"line":9,"column":8},"end":{"line":9,"column":61}},"4":{"start":{"line":12,"column":25},"end":{"line":12,"column":69}},"5":{"start":{"line":13,"column":28},"end":{"line":13,"column":79}},"6":{"start":{"line":14,"column":8},"end":{"line":36,"column":5}},"7":{"start":{"line":15,"column":12},"end":{"line":15,"column":71}},"8":{"start":{"line":21,"column":8},"end":{"line":35,"column":9}},"9":{"start":{"line":22,"column":23},"end":{"line":22,"column":40}},"10":{"start":{"line":23,"column":28},"end":{"line":23,"column":62}},"11":{"start":{"line":24,"column":26},"end":{"line":29,"column":14}},"12":{"start":{"line":30,"column":10},"end":{"line":30,"column":24}},"13":{"start":{"line":31,"column":12},"end":{"line":31,"column":41}},"14":{"start":{"line":34,"column":12},"end":{"line":34,"column":58}}},"fnMap":{"0":{"name":"(anonymous_0)","decl":{"start":{"line":5,"column":18},"end":{"line":5,"column":19}},"loc":{"start":{"line":5,"column":34},"end":{"line":37,"column":1}},"line":5}},"branchMap":{"0":{"loc":{"start":{"line":8,"column":4},"end":{"line":10,"column":5}},"type":"if","locations":[{"start":{"line":8,"column":4},"end":{"line":10,"column":5}},{"start":{},"end":{}}],"line":8},"1":{"loc":{"start":{"line":14,"column":8},"end":{"line":36,"column":5}},"type":"if","locations":[{"start":{"line":14,"column":8},"end":{"line":36,"column":5}},{"start":{"line":17,"column":12},"end":{"line":36,"column":5}}],"line":14},"2":{"loc":{"start":{"line":14,"column":11},"end":{"line":14,"column":35}},"type":"binary-expr","locations":[{"start":{"line":14,"column":11},"end":{"line":14,"column":20}},{"start":{"line":14,"column":22},"end":{"line":14,"column":35}}],"line":14}},"s":{"0":1,"1":3,"2":3,"3":1,"4":2,"5":2,"6":2,"7":2,"8":0,"9":0,"10":0,"11":0,"12":0,"13":0,"14":0},"f":{"0":3},"b":{"0":[1,2],"1":[2,0],"2":[2,2]},"_coverageSchema":"1a1c01bbd47fc00a2c39e90264f33305004495a9","hash":"4990ec30c28cf08628f53de49937d888c2f42fe7"}
,"C:\\Users\\BUKA\\Desktop\\ATLP Projects\\myBrand-Api\\controllers\\blogController.js": {"path":"C:\\Users\\BUKA\\Desktop\\ATLP Projects\\myBrand-Api\\controllers\\blogController.js","statementMap":{"0":{"start":{"line":5,"column":18},"end":{"line":8,"column":1}},"1":{"start":{"line":6,"column":16},"end":{"line":6,"column":33}},"2":{"start":{"line":7,"column":4},"end":{"line":7,"column":38}},"3":{"start":{"line":9,"column":18},"end":{"line":24,"column":1}},"4":{"start":{"line":10,"column":25},"end":{"line":10,"column":54}},"5":{"start":{"line":11,"column":5},"end":{"line":23,"column":5}},"6":{"start":{"line":12,"column":9},"end":{"line":12,"column":58}},"7":{"start":{"line":15,"column":19},"end":{"line":20,"column":10}},"8":{"start":{"line":21,"column":8},"end":{"line":21,"column":25}},"9":{"start":{"line":22,"column":8},"end":{"line":22,"column":41}},"10":{"start":{"line":25,"column":20},"end":{"line":39,"column":1}},"11":{"start":{"line":26,"column":10},"end":{"line":38,"column":5}},"12":{"start":{"line":27,"column":25},"end":{"line":27,"column":35}},"13":{"start":{"line":28,"column":19},"end":{"line":30,"column":10}},"14":{"start":{"line":31,"column":8},"end":{"line":33,"column":9}},"15":{"start":{"line":32,"column":12},"end":{"line":32,"column":74}},"16":{"start":{"line":34,"column":8},"end":{"line":34,"column":34}},"17":{"start":{"line":37,"column":8},"end":{"line":37,"column":53}},"18":{"start":{"line":40,"column":23},"end":{"line":54,"column":1}},"19":{"start":{"line":41,"column":4},"end":{"line":53,"column":5}},"20":{"start":{"line":42,"column":25},"end":{"line":42,"column":35}},"21":{"start":{"line":43,"column":21},"end":{"line":43,"column":82}},"22":{"start":{"line":44,"column":8},"end":{"line":49,"column":9}},"23":{"start":{"line":45,"column":12},"end":{"line":45,"column":80}},"24":{"start":{"line":48,"column":12},"end":{"line":48,"column":47}},"25":{"start":{"line":51,"column":8},"end":{"line":51,"column":23}},"26":{"start":{"line":52,"column":8},"end":{"line":52,"column":50}},"27":{"start":{"line":55,"column":17},"end":{"line":65,"column":1}},"28":{"start":{"line":56,"column":4},"end":{"line":64,"column":1}},"29":{"start":{"line":57,"column":4},"end":{"line":59,"column":6}},"30":{"start":{"line":60,"column":4},"end":{"line":60,"column":49}},"31":{"start":{"line":63,"column":4},"end":{"line":63,"column":55}},"32":{"start":{"line":66,"column":16},"end":{"line":74,"column":1}},"33":{"start":{"line":67,"column":17},"end":{"line":71,"column":7}},"34":{"start":{"line":73,"column":6},"end":{"line":73,"column":38}}},"fnMap":{"0":{"name":"(anonymous_0)","decl":{"start":{"line":5,"column":18},"end":{"line":5,"column":19}},"loc":{"start":{"line":5,"column":34},"end":{"line":8,"column":1}},"line":5},"1":{"name":"(anonymous_1)","decl":{"start":{"line":9,"column":18},"end":{"line":9,"column":19}},"loc":{"start":{"line":9,"column":34},"end":{"line":24,"column":1}},"line":9},"2":{"name":"(anonymous_2)","decl":{"start":{"line":25,"column":20},"end":{"line":25,"column":21}},"loc":{"start":{"line":25,"column":36},"end":{"line":39,"column":1}},"line":25},"3":{"name":"(anonymous_3)","decl":{"start":{"line":40,"column":23},"end":{"line":40,"column":24}},"loc":{"start":{"line":40,"column":40},"end":{"line":54,"column":1}},"line":40},"4":{"name":"(anonymous_4)","decl":{"start":{"line":55,"column":17},"end":{"line":55,"column":18}},"loc":{"start":{"line":55,"column":33},"end":{"line":65,"column":1}},"line":55},"5":{"name":"(anonymous_5)","decl":{"start":{"line":66,"column":16},"end":{"line":66,"column":17}},"loc":{"start":{"line":66,"column":32},"end":{"line":74,"column":1}},"line":66}},"branchMap":{"0":{"loc":{"start":{"line":11,"column":5},"end":{"line":23,"column":5}},"type":"if","locations":[{"start":{"line":11,"column":5},"end":{"line":23,"column":5}},{"start":{"line":14,"column":8},"end":{"line":23,"column":5}}],"line":11},"1":{"loc":{"start":{"line":31,"column":8},"end":{"line":33,"column":9}},"type":"if","locations":[{"start":{"line":31,"column":8},"end":{"line":33,"column":9}},{"start":{},"end":{}}],"line":31},"2":{"loc":{"start":{"line":44,"column":8},"end":{"line":49,"column":9}},"type":"if","locations":[{"start":{"line":44,"column":8},"end":{"line":49,"column":9}},{"start":{"line":47,"column":12},"end":{"line":49,"column":9}}],"line":44}},"s":{"0":1,"1":1,"2":1,"3":1,"4":0,"5":0,"6":0,"7":0,"8":0,"9":0,"10":1,"11":2,"12":2,"13":2,"14":1,"15":0,"16":1,"17":1,"18":1,"19":0,"20":0,"21":0,"22":0,"23":0,"24":0,"25":0,"26":0,"27":1,"28":0,"29":0,"30":0,"31":0,"32":1,"33":0,"34":0},"f":{"0":1,"1":0,"2":2,"3":0,"4":0,"5":0},"b":{"0":[0,0],"1":[0,1],"2":[0,0]},"_coverageSchema":"1a1c01bbd47fc00a2c39e90264f33305004495a9","hash":"35860239d173d5c04aa5c8ad0e1e3bf50d8a0808"}
,"C:\\Users\\BUKA\\Desktop\\ATLP Projects\\myBrand-Api\\controllers\\commentCont.js": {"path":"C:\\Users\\BUKA\\Desktop\\ATLP Projects\\myBrand-Api\\controllers\\commentCont.js","statementMap":{"0":{"start":{"line":3,"column":22},"end":{"line":18,"column":13}},"1":{"start":{"line":4,"column":17},"end":{"line":4,"column":30}},"2":{"start":{"line":5,"column":24},"end":{"line":10,"column":18}},"3":{"start":{"line":11,"column":16},"end":{"line":11,"column":36}},"4":{"start":{"line":12,"column":16},"end":{"line":12,"column":55}},"5":{"start":{"line":13,"column":36},"end":{"line":13,"column":59}},"6":{"start":{"line":14,"column":19},"end":{"line":14,"column":54}},"7":{"start":{"line":15,"column":19},"end":{"line":15,"column":43}},"8":{"start":{"line":19,"column":20},"end":{"line":28,"column":13}},"9":{"start":{"line":20,"column":16},"end":{"line":27,"column":17}},"10":{"start":{"line":21,"column":35},"end":{"line":21,"column":48}},"11":{"start":{"line":22,"column":37},"end":{"line":22,"column":67}},"12":{"start":{"line":23,"column":37},"end":{"line":23,"column":77}},"13":{"start":{"line":23,"column":61},"end":{"line":23,"column":76}},"14":{"start":{"line":24,"column":20},"end":{"line":24,"column":55}},"15":{"start":{"line":26,"column":20},"end":{"line":26,"column":46}}},"fnMap":{"0":{"name":"(anonymous_0)","decl":{"start":{"line":3,"column":22},"end":{"line":3,"column":23}},"loc":{"start":{"line":3,"column":48},"end":{"line":18,"column":13}},"line":3},"1":{"name":"(anonymous_1)","decl":{"start":{"line":19,"column":20},"end":{"line":19,"column":21}},"loc":{"start":{"line":19,"column":40},"end":{"line":28,"column":13}},"line":19},"2":{"name":"(anonymous_2)","decl":{"start":{"line":23,"column":50},"end":{"line":23,"column":51}},"loc":{"start":{"line":23,"column":61},"end":{"line":23,"column":76}},"line":23}},"branchMap":{},"s":{"0":1,"1":1,"2":1,"3":1,"4":1,"5":1,"6":1,"7":1,"8":1,"9":1,"10":1,"11":1,"12":1,"13":113,"14":1,"15":0},"f":{"0":1,"1":1,"2":113},"b":{},"_coverageSchema":"1a1c01bbd47fc00a2c39e90264f33305004495a9","hash":"1794b4a9d95e4139441eb00f356b7b2aacedf04f"}
,"C:\\Users\\BUKA\\Desktop\\ATLP Projects\\myBrand-Api\\controllers\\contactContoller.js": {"path":"C:\\Users\\BUKA\\Desktop\\ATLP Projects\\myBrand-Api\\controllers\\contactContoller.js","statementMap":{"0":{"start":{"line":4,"column":21},"end":{"line":7,"column":1}},"1":{"start":{"line":5,"column":19},"end":{"line":5,"column":39}},"2":{"start":{"line":6,"column":4},"end":{"line":6,"column":41}},"3":{"start":{"line":8,"column":20},"end":{"line":23,"column":5}},"4":{"start":{"line":9,"column":22},"end":{"line":9,"column":54}},"5":{"start":{"line":10,"column":8},"end":{"line":22,"column":1}},"6":{"start":{"line":11,"column":12},"end":{"line":11,"column":64}},"7":{"start":{"line":14,"column":18},"end":{"line":18,"column":6}},"8":{"start":{"line":19,"column":4},"end":{"line":19,"column":24}},"9":{"start":{"line":20,"column":4},"end":{"line":20,"column":22}},"10":{"start":{"line":21,"column":4},"end":{"line":21,"column":24}},"11":{"start":{"line":24,"column":23},"end":{"line":38,"column":1}},"12":{"start":{"line":25,"column":4},"end":{"line":37,"column":1}},"13":{"start":{"line":26,"column":27},"end":{"line":26,"column":37}},"14":{"start":{"line":27,"column":18},"end":{"line":29,"column":6}},"15":{"start":{"line":30,"column":4},"end":{"line":32,"column":5}},"16":{"start":{"line":31,"column":8},"end":{"line":31,"column":71}},"17":{"start":{"line":33,"column":4},"end":{"line":33,"column":21}},"18":{"start":{"line":36,"column":4},"end":{"line":36,"column":55}},"19":{"start":{"line":39,"column":20},"end":{"line":50,"column":1}},"20":{"start":{"line":40,"column":4},"end":{"line":49,"column":1}},"21":{"start":{"line":42,"column":4},"end":{"line":44,"column":6}},"22":{"start":{"line":45,"column":4},"end":{"line":45,"column":37}},"23":{"start":{"line":48,"column":4},"end":{"line":48,"column":55}}},"fnMap":{"0":{"name":"(anonymous_0)","decl":{"start":{"line":4,"column":21},"end":{"line":4,"column":22}},"loc":{"start":{"line":4,"column":37},"end":{"line":7,"column":1}},"line":4},"1":{"name":"(anonymous_1)","decl":{"start":{"line":8,"column":20},"end":{"line":8,"column":21}},"loc":{"start":{"line":8,"column":36},"end":{"line":23,"column":5}},"line":8},"2":{"name":"(anonymous_2)","decl":{"start":{"line":24,"column":23},"end":{"line":24,"column":24}},"loc":{"start":{"line":24,"column":39},"end":{"line":38,"column":1}},"line":24},"3":{"name":"(anonymous_3)","decl":{"start":{"line":39,"column":20},"end":{"line":39,"column":21}},"loc":{"start":{"line":39,"column":36},"end":{"line":50,"column":1}},"line":39}},"branchMap":{"0":{"loc":{"start":{"line":10,"column":8},"end":{"line":22,"column":1}},"type":"if","locations":[{"start":{"line":10,"column":8},"end":{"line":22,"column":1}},{"start":{"line":13,"column":12},"end":{"line":22,"column":1}}],"line":10},"1":{"loc":{"start":{"line":30,"column":4},"end":{"line":32,"column":5}},"type":"if","locations":[{"start":{"line":30,"column":4},"end":{"line":32,"column":5}},{"start":{},"end":{}}],"line":30}},"s":{"0":1,"1":1,"2":1,"3":1,"4":2,"5":2,"6":1,"7":1,"8":1,"9":1,"10":1,"11":1,"12":0,"13":0,"14":0,"15":0,"16":0,"17":0,"18":0,"19":1,"20":1,"21":1,"22":1,"23":0},"f":{"0":1,"1":2,"2":0,"3":1},"b":{"0":[1,1],"1":[0,0]},"_coverageSchema":"1a1c01bbd47fc00a2c39e90264f33305004495a9","hash":"4044e0b60c9ff1065a2627ed54b6816d80944bc9"}
,"C:\\Users\\BUKA\\Desktop\\ATLP Projects\\myBrand-Api\\models\\Contact.js": {"path":"C:\\Users\\BUKA\\Desktop\\ATLP Projects\\myBrand-Api\\models\\Contact.js","statementMap":{"0":{"start":{"line":2,"column":13},"end":{"line":6,"column":2}}},"fnMap":{},"branchMap":{},"s":{"0":1},"f":{},"b":{},"_coverageSchema":"1a1c01bbd47fc00a2c39e90264f33305004495a9","hash":"54b7eccded733385011798d319fb7b59ca21fa34"}
,"C:\\Users\\BUKA\\Desktop\\ATLP Projects\\myBrand-Api\\models\\Post.js": {"path":"C:\\Users\\BUKA\\Desktop\\ATLP Projects\\myBrand-Api\\models\\Post.js","statementMap":{"0":{"start":{"line":3,"column":13},"end":{"line":18,"column":8}}},"fnMap":{},"branchMap":{},"s":{"0":1},"f":{},"b":{},"_coverageSchema":"1a1c01bbd47fc00a2c39e90264f33305004495a9","hash":"0b47abb9692460fc116a9dbfb9084fd432632a9b"}
,"C:\\Users\\BUKA\\Desktop\\ATLP Projects\\myBrand-Api\\models\\comment.js": {"path":"C:\\Users\\BUKA\\Desktop\\ATLP Projects\\myBrand-Api\\models\\comment.js","statementMap":{"0":{"start":{"line":2,"column":20},"end":{"line":7,"column":1}}},"fnMap":{},"branchMap":{},"s":{"0":1},"f":{},"b":{},"_coverageSchema":"1a1c01bbd47fc00a2c39e90264f33305004495a9","hash":"22bc7be391ab723d829fe0d16202f17cf3123fdf"}
,"C:\\Users\\BUKA\\Desktop\\ATLP Projects\\myBrand-Api\\models\\signUp.js": {"path":"C:\\Users\\BUKA\\Desktop\\ATLP Projects\\myBrand-Api\\models\\signUp.js","statementMap":{"0":{"start":{"line":3,"column":13},"end":{"line":21,"column":2}}},"fnMap":{},"branchMap":{},"s":{"0":1},"f":{},"b":{},"_coverageSchema":"1a1c01bbd47fc00a2c39e90264f33305004495a9","hash":"864fe8473224d0e9bc1a5713cd43ae3cfc782aaa"}
,"C:\\Users\\BUKA\\Desktop\\ATLP Projects\\myBrand-Api\\vscode\\imageconfig\\cloudinary.js": {"path":"C:\\Users\\BUKA\\Desktop\\ATLP Projects\\myBrand-Api\\vscode\\imageconfig\\cloudinary.js","statementMap":{"0":{"start":{"line":4,"column":0},"end":{"line":8,"column":2}},"1":{"start":{"line":9,"column":14},"end":{"line":16,"column":1}},"2":{"start":{"line":17,"column":15},"end":{"line":17,"column":43}}},"fnMap":{},"branchMap":{},"s":{"0":1,"1":1,"2":1},"f":{},"b":{},"_coverageSchema":"1a1c01bbd47fc00a2c39e90264f33305004495a9","hash":"85fc4d2c4b860f61fa75e641028504326035c61e"}
,"C:\\Users\\BUKA\\Desktop\\ATLP Projects\\myBrand-Api\\vscode\\routes\\auth.js": {"path":"C:\\Users\\BUKA\\Desktop\\ATLP Projects\\myBrand-Api\\vscode\\routes\\auth.js","statementMap":{"0":{"start":{"line":7,"column":13},"end":{"line":7,"column":21}},"1":{"start":{"line":9,"column":21},"end":{"line":42,"column":1}},"2":{"start":{"line":10,"column":25},"end":{"line":10,"column":56}},"3":{"start":{"line":12,"column":4},"end":{"line":14,"column":5}},"4":{"start":{"line":13,"column":8},"end":{"line":13,"column":61}},"5":{"start":{"line":16,"column":26},"end":{"line":16,"column":70}},"6":{"start":{"line":17,"column":28},"end":{"line":17,"column":79}},"7":{"start":{"line":18,"column":8},"end":{"line":41,"column":5}},"8":{"start":{"line":19,"column":12},"end":{"line":19,"column":71}},"9":{"start":{"line":22,"column":12},"end":{"line":24,"column":13}},"10":{"start":{"line":23,"column":16},"end":{"line":23,"column":74}},"11":{"start":{"line":25,"column":8},"end":{"line":40,"column":9}},"12":{"start":{"line":26,"column":23},"end":{"line":26,"column":40}},"13":{"start":{"line":27,"column":28},"end":{"line":27,"column":62}},"14":{"start":{"line":28,"column":26},"end":{"line":32,"column":14}},"15":{"start":{"line":35,"column":10},"end":{"line":35,"column":24}},"16":{"start":{"line":36,"column":12},"end":{"line":36,"column":41}},"17":{"start":{"line":39,"column":12},"end":{"line":39,"column":58}},"18":{"start":{"line":44,"column":16},"end":{"line":56,"column":6}},"19":{"start":{"line":45,"column":4},"end":{"line":56,"column":5}},"20":{"start":{"line":46,"column":15},"end":{"line":46,"column":34}},"21":{"start":{"line":47,"column":3},"end":{"line":50,"column":5}},"22":{"start":{"line":52,"column":8},"end":{"line":55,"column":11}},"23":{"start":{"line":58,"column":21},"end":{"line":81,"column":1}},"24":{"start":{"line":59,"column":25},"end":{"line":59,"column":55}},"25":{"start":{"line":60,"column":4},"end":{"line":62,"column":5}},"26":{"start":{"line":61,"column":8},"end":{"line":61,"column":54}},"27":{"start":{"line":63,"column":4},"end":{"line":80,"column":5}},"28":{"start":{"line":64,"column":24},"end":{"line":64,"column":74}},"29":{"start":{"line":65,"column":7},"end":{"line":65,"column":67}},"30":{"start":{"line":66,"column":24},"end":{"line":66,"column":76}},"31":{"start":{"line":67,"column":7},"end":{"line":67,"column":61}},"32":{"start":{"line":68,"column":20},"end":{"line":72,"column":7}},"33":{"start":{"line":73,"column":21},"end":{"line":73,"column":82}},"34":{"start":{"line":74,"column":7},"end":{"line":74,"column":32}},"35":{"start":{"line":75,"column":34},"end":{"line":75,"column":49}},"36":{"start":{"line":76,"column":7},"end":{"line":76,"column":25}},"37":{"start":{"line":79,"column":8},"end":{"line":79,"column":43}}},"fnMap":{"0":{"name":"(anonymous_0)","decl":{"start":{"line":9,"column":21},"end":{"line":9,"column":22}},"loc":{"start":{"line":9,"column":37},"end":{"line":42,"column":1}},"line":9},"1":{"name":"(anonymous_1)","decl":{"start":{"line":44,"column":16},"end":{"line":44,"column":17}},"loc":{"start":{"line":44,"column":33},"end":{"line":56,"column":6}},"line":44},"2":{"name":"(anonymous_2)","decl":{"start":{"line":58,"column":21},"end":{"line":58,"column":22}},"loc":{"start":{"line":58,"column":37},"end":{"line":81,"column":1}},"line":58}},"branchMap":{"0":{"loc":{"start":{"line":12,"column":4},"end":{"line":14,"column":5}},"type":"if","locations":[{"start":{"line":12,"column":4},"end":{"line":14,"column":5}},{"start":{},"end":{}}],"line":12},"1":{"loc":{"start":{"line":18,"column":8},"end":{"line":41,"column":5}},"type":"if","locations":[{"start":{"line":18,"column":8},"end":{"line":41,"column":5}},{"start":{"line":21,"column":12},"end":{"line":41,"column":5}}],"line":18},"2":{"loc":{"start":{"line":18,"column":11},"end":{"line":18,"column":36}},"type":"binary-expr","locations":[{"start":{"line":18,"column":11},"end":{"line":18,"column":21}},{"start":{"line":18,"column":23},"end":{"line":18,"column":36}}],"line":18},"3":{"loc":{"start":{"line":22,"column":12},"end":{"line":24,"column":13}},"type":"if","locations":[{"start":{"line":22,"column":12},"end":{"line":24,"column":13}},{"start":{},"end":{}}],"line":22},"4":{"loc":{"start":{"line":60,"column":4},"end":{"line":62,"column":5}},"type":"if","locations":[{"start":{"line":60,"column":4},"end":{"line":62,"column":5}},{"start":{},"end":{}}],"line":60},"5":{"loc":{"start":{"line":65,"column":7},"end":{"line":65,"column":67}},"type":"binary-expr","locations":[{"start":{"line":65,"column":7},"end":{"line":65,"column":18}},{"start":{"line":65,"column":22},"end":{"line":65,"column":67}}],"line":65},"6":{"loc":{"start":{"line":67,"column":7},"end":{"line":67,"column":61}},"type":"binary-expr","locations":[{"start":{"line":67,"column":7},"end":{"line":67,"column":18}},{"start":{"line":67,"column":22},"end":{"line":67,"column":61}}],"line":67}},"s":{"0":1,"1":1,"2":2,"3":2,"4":1,"5":1,"6":1,"7":1,"8":1,"9":0,"10":0,"11":0,"12":0,"13":0,"14":0,"15":0,"16":0,"17":0,"18":1,"19":0,"20":0,"21":0,"22":0,"23":1,"24":2,"25":2,"26":0,"27":2,"28":2,"29":2,"30":2,"31":2,"32":2,"33":2,"34":2,"35":2,"36":2,"37":0},"f":{"0":2,"1":0,"2":2},"b":{"0":[1,1],"1":[1,0],"2":[1,1],"3":[0,0],"4":[0,2],"5":[2,0],"6":[2,0]},"_coverageSchema":"1a1c01bbd47fc00a2c39e90264f33305004495a9","hash":"01f40130ee5a9b818032bbe44d3cbe37115bd8c8"}
,"C:\\Users\\BUKA\\Desktop\\ATLP Projects\\myBrand-Api\\vscode\\routes\\routes.js": {"path":"C:\\Users\\BUKA\\Desktop\\ATLP Projects\\myBrand-Api\\vscode\\routes\\routes.js","statementMap":{"0":{"start":{"line":3,"column":13},"end":{"line":3,"column":21}},"1":{"start":{"line":49,"column":0},"end":{"line":49,"column":32}},"2":{"start":{"line":90,"column":0},"end":{"line":90,"column":75}},"3":{"start":{"line":132,"column":0},"end":{"line":132,"column":38}},"4":{"start":{"line":189,"column":0},"end":{"line":189,"column":85}},"5":{"start":{"line":211,"column":0},"end":{"line":211,"column":55}},"6":{"start":{"line":237,"column":0},"end":{"line":237,"column":38}},"7":{"start":{"line":279,"column":0},"end":{"line":279,"column":39}},"8":{"start":{"line":317,"column":0},"end":{"line":317,"column":46}},"9":{"start":{"line":336,"column":0},"end":{"line":336,"column":46}},"10":{"start":{"line":373,"column":0},"end":{"line":373,"column":36}},"11":{"start":{"line":410,"column":0},"end":{"line":410,"column":39}},"12":{"start":{"line":444,"column":0},"end":{"line":444,"column":35}},"13":{"start":{"line":496,"column":0},"end":{"line":496,"column":48}},"14":{"start":{"line":554,"column":0},"end":{"line":554,"column":45}},"15":{"start":{"line":584,"column":0},"end":{"line":584,"column":41}}},"fnMap":{},"branchMap":{},"s":{"0":1,"1":1,"2":1,"3":1,"4":1,"5":1,"6":1,"7":1,"8":1,"9":1,"10":1,"11":1,"12":1,"13":1,"14":1,"15":1},"f":{},"b":{},"_coverageSchema":"1a1c01bbd47fc00a2c39e90264f33305004495a9","hash":"7fcfb3919f448d36a5b566e498cf7aa6c349c35f"}
,"C:\\Users\\BUKA\\Desktop\\ATLP Projects\\myBrand-Api\\vscode\\routes\\middlewares\\adminValidate.js": {"path":"C:\\Users\\BUKA\\Desktop\\ATLP Projects\\myBrand-Api\\vscode\\routes\\middlewares\\adminValidate.js","statementMap":{"0":{"start":{"line":3,"column":16},"end":{"line":19,"column":1}},"1":{"start":{"line":4,"column":4},"end":{"line":18,"column":5}},"2":{"start":{"line":5,"column":19},"end":{"line":5,"column":50}},"3":{"start":{"line":7,"column":25},"end":{"line":7,"column":64}},"4":{"start":{"line":8,"column":28},"end":{"line":8,"column":86}},"5":{"start":{"line":9,"column":8},"end":{"line":9,"column":33}},"6":{"start":{"line":10,"column":8},"end":{"line":14,"column":9}},"7":{"start":{"line":11,"column":12},"end":{"line":13,"column":58}},"8":{"start":{"line":15,"column":8},"end":{"line":15,"column":15}},"9":{"start":{"line":17,"column":8},"end":{"line":17,"column":36}}},"fnMap":{"0":{"name":"(anonymous_0)","decl":{"start":{"line":3,"column":16},"end":{"line":3,"column":17}},"loc":{"start":{"line":3,"column":42},"end":{"line":19,"column":1}},"line":3}},"branchMap":{"0":{"loc":{"start":{"line":10,"column":8},"end":{"line":14,"column":9}},"type":"if","locations":[{"start":{"line":10,"column":8},"end":{"line":14,"column":9}},{"start":{},"end":{}}],"line":10}},"s":{"0":1,"1":0,"2":0,"3":0,"4":0,"5":0,"6":0,"7":0,"8":0,"9":0},"f":{"0":0},"b":{"0":[0,0]},"_coverageSchema":"1a1c01bbd47fc00a2c39e90264f33305004495a9","hash":"1c002df8f55149a3d6a3d7c0f77d120a65de8535"}
,"C:\\Users\\BUKA\\Desktop\\ATLP Projects\\myBrand-Api\\vscode\\routes\\middlewares\\authentication.js": {"path":"C:\\Users\\BUKA\\Desktop\\ATLP Projects\\myBrand-Api\\vscode\\routes\\middlewares\\authentication.js","statementMap":{"0":{"start":{"line":1,"column":15},"end":{"line":3,"column":3}},"1":{"start":{"line":2,"column":4},"end":{"line":2,"column":60}}},"fnMap":{"0":{"name":"(anonymous_0)","decl":{"start":{"line":1,"column":15},"end":{"line":1,"column":16}},"loc":{"start":{"line":1,"column":29},"end":{"line":3,"column":3}},"line":1}},"branchMap":{},"s":{"0":1,"1":3},"f":{"0":3},"b":{},"_coverageSchema":"1a1c01bbd47fc00a2c39e90264f33305004495a9","hash":"55122e65221ff6eee5bfabdf23e79aa543669a7d"}
,"C:\\Users\\BUKA\\Desktop\\ATLP Projects\\myBrand-Api\\vscode\\routes\\middlewares\\passports.js": {"path":"C:\\Users\\BUKA\\Desktop\\ATLP Projects\\myBrand-Api\\vscode\\routes\\middlewares\\passports.js","statementMap":{"0":{"start":{"line":4,"column":0},"end":{"line":4,"column":16}},"1":{"start":{"line":6,"column":20},"end":{"line":6,"column":40}},"2":{"start":{"line":7,"column":19},"end":{"line":7,"column":41}},"3":{"start":{"line":9,"column":16},"end":{"line":12,"column":1}},"4":{"start":{"line":13,"column":27},"end":{"line":15,"column":2}},"5":{"start":{"line":14,"column":2},"end":{"line":14,"column":48}}},"fnMap":{"0":{"name":"(anonymous_0)","decl":{"start":{"line":13,"column":52},"end":{"line":13,"column":53}},"loc":{"start":{"line":13,"column":71},"end":{"line":15,"column":1}},"line":13}},"branchMap":{},"s":{"0":1,"1":1,"2":1,"3":1,"4":1,"5":0},"f":{"0":0},"b":{},"_coverageSchema":"1a1c01bbd47fc00a2c39e90264f33305004495a9","hash":"472bb143899224f8783b296b2f82e79d2f666a8c"}
,"C:\\Users\\BUKA\\Desktop\\ATLP Projects\\myBrand-Api\\vscode\\validations\\credValidate.js": {"path":"C:\\Users\\BUKA\\Desktop\\ATLP Projects\\myBrand-Api\\vscode\\validations\\credValidate.js","statementMap":{"0":{"start":{"line":3,"column":19},"end":{"line":10,"column":2}},"1":{"start":{"line":11,"column":18},"end":{"line":15,"column":2}}},"fnMap":{},"branchMap":{},"s":{"0":1,"1":1},"f":{},"b":{},"_coverageSchema":"1a1c01bbd47fc00a2c39e90264f33305004495a9","hash":"661ebb78938e1399ba537adb243e62e6f282ca19"}
,"C:\\Users\\BUKA\\Desktop\\ATLP Projects\\myBrand-Api\\vscode\\validations\\validate.js": {"path":"C:\\Users\\BUKA\\Desktop\\ATLP Projects\\myBrand-Api\\vscode\\validations\\validate.js","statementMap":{"0":{"start":{"line":2,"column":17},"end":{"line":7,"column":2}},"1":{"start":{"line":8,"column":20},"end":{"line":13,"column":2}}},"fnMap":{},"branchMap":{},"s":{"0":1,"1":1},"f":{},"b":{},"_coverageSchema":"1a1c01bbd47fc00a2c39e90264f33305004495a9","hash":"b8a70caf824a869c3adbab388f3a7841957d5826"}
}
